[00:00:20] [Render thread/WARN] (Minecraft) Ambiguity between arguments [teleport, location] and [teleport, destination] with inputs: [0.1 -0.5 .9, 0 0 0]
[00:00:20] [Render thread/WARN] (Minecraft) Ambiguity between arguments [teleport, location] and [teleport, targets] with inputs: [0.1 -0.5 .9, 0 0 0]
[00:00:20] [Render thread/WARN] (Minecraft) Ambiguity between arguments [teleport, destination] and [teleport, targets] with inputs: [Player, 0123, @e, dd12be42-52a9-4a91-a8a1-11c01849e498]
[00:00:20] [Render thread/WARN] (Minecraft) Ambiguity between arguments [teleport, targets] and [teleport, destination] with inputs: [Player, 0123, dd12be42-52a9-4a91-a8a1-11c01849e498]
[00:00:20] [Render thread/WARN] (Minecraft) Ambiguity between arguments [teleport, targets, location] and [teleport, targets, destination] with inputs: [0.1 -0.5 .9, 0 0 0]
[00:00:21] [Render thread/INFO] (Minecraft) Loaded 7 recipes
[00:00:21] [Render thread/INFO] (Minecraft) Loaded 1141 advancements
[00:00:22] [Render thread/INFO] (Minecraft) Environment: authHost='https://authserver.mojang.com', accountsHost='https://api.mojang.com', sessionHost='https://sessionserver.mojang.com', servicesHost='https://api.minecraftservices.com', name='PROD'
[00:00:22] [Render thread/INFO] (BiomeModificationImpl) Applied 0 biome modifications to 0 of 61 new biomes in 2.318 ms
[00:00:22] [Server thread/INFO] (Minecraft) Starting integrated minecraft server version 1.18.2
[00:00:22] [Server thread/INFO] (Minecraft) Generating keypair
[00:00:22] [Server thread/INFO] (Minecraft) Preparing start region for dimension minecraft:overworld
[00:00:23] [Render thread/INFO] (Minecraft) Preparing spawn area: 0%
[00:00:23] [Render thread/INFO] (Minecraft) Preparing spawn area: 0%
[00:00:23] [Render thread/INFO] (Minecraft) Preparing spawn area: 0%
[00:00:24] [Render thread/INFO] (Minecraft) Preparing spawn area: 3%
[00:00:24] [Render thread/INFO] (Minecraft) Preparing spawn area: 18%
[00:00:25] [Render thread/INFO] (Minecraft) Time elapsed: 2669 ms
[00:00:25] [Server thread/INFO] (Minecraft) Changing view distance to 12, from 10
[00:00:25] [Server thread/INFO] (Minecraft) Changing simulation distance to 12, from 0
[00:00:26] [Server thread/INFO] (Minecraft) Player575[local:E:592894b6] logged in with entity id 23 at (80.68202847324689, -60.0, 48.63028162058867)
[00:00:26] [Server thread/INFO] (Minecraft) Player575 joined the game
[00:00:26] [Render thread/INFO] (Minecraft) Loaded 2 advancements
[00:00:30] [Render thread/INFO] (Minecraft) [CHAT] Creating Thread-1
[00:00:30] [Server thread/INFO] (Minecraft) [CHAT] Creating Thread-1
[00:00:30] [Render thread/INFO] (Minecraft) [STDOUT]: Creating Thread-1
[00:00:30] [Server thread/INFO] (Minecraft) [STDOUT]: Creating Thread-1
[00:00:30] [Render thread/INFO] (Minecraft) [STDOUT]: Starting Thread-1
[00:00:30] [Server thread/INFO] (Minecraft) [STDOUT]: Starting Thread-1
[00:00:30] [Thread-1/INFO] (Minecraft) [STDOUT]: Running Thread-1
[00:00:30] [Thread-1/INFO] (Minecraft) [STDOUT]: Running Thread-1
[00:00:30] [Thread-1/INFO] (Minecraft) [CHAT] Running Thread-1
[00:00:30] [Thread-1/INFO] (Minecraft) [CHAT] Running Thread-1
[00:00:30] [Thread-1/INFO] (Minecraft) [CHAT] Position: 83, -60, 47, Magnetic Moment: -930788.0, 0.0, 0.0
[00:00:30] [Thread-1/INFO] (Minecraft) [CHAT] 83, -60, 47 -930788.0, 0.0, 0.0
[00:00:30] [Thread-1/INFO] (Minecraft) [CHAT] Thread Thread-1 exiting.
[00:00:30] [Thread-1/INFO] (Minecraft) [CHAT] Position: 83, -60, 47, Magnetic Moment: -930788.0, 0.0, 0.0
[00:00:30] [Thread-1/INFO] (Minecraft) [CHAT] Position: 83, -60, 47, Magnetic Moment: -930788.0, 0.0, 0.0
[00:00:30] [Thread-1/INFO] (Minecraft) [CHAT] 83, -60, 47 -930788.0, 0.0, 0.0
[00:00:30] [Thread-1/INFO] (Minecraft) [CHAT] Thread Thread-1 exiting.
[00:00:36] [Render thread/INFO] (Minecraft) [CHAT] Creating Thread-1
[00:00:36] [Server thread/INFO] (Minecraft) [CHAT] Creating Thread-1
[00:00:36] [Render thread/INFO] (Minecraft) [STDOUT]: Creating Thread-1
[00:00:36] [Server thread/INFO] (Minecraft) [STDOUT]: Creating Thread-1
[00:00:36] [Render thread/INFO] (Minecraft) [STDOUT]: Starting Thread-1
[00:00:36] [Server thread/INFO] (Minecraft) [STDOUT]: Starting Thread-1
[00:00:36] [Thread-1/INFO] (Minecraft) [STDOUT]: Running Thread-1
[00:00:36] [Thread-1/INFO] (Minecraft) [STDOUT]: Running Thread-1
[00:00:36] [Thread-1/INFO] (Minecraft) [CHAT] Running Thread-1
[00:00:36] [Thread-1/INFO] (Minecraft) [CHAT] Running Thread-1
[00:00:36] [Thread-1/INFO] (Minecraft) [CHAT] Position: 83, -60, 47, Magnetic Moment: -930788.0, 0.0, 0.0
[00:00:36] [Thread-1/INFO] (Minecraft) [CHAT] Position: 83, -60, 47, Magnetic Moment: -930788.0, 0.0, 0.0
[00:00:36] [Thread-1/INFO] (Minecraft) [CHAT] Position: 83, -60, 43, Magnetic Moment: 930788.0, 0.0, 0.0
[00:00:36] [Thread-1/INFO] (Minecraft) [CHAT] 83, -60, 43 930788.0, 0.0, 0.0
[00:00:36] [Thread-1/INFO] (Minecraft) [CHAT] Thread Thread-1 exiting.
[00:00:36] [Thread-1/INFO] (Minecraft) [CHAT] Position: 83, -60, 47, Magnetic Moment: -930788.0, 0.0, 0.0
[00:00:36] [Thread-1/INFO] (Minecraft) [CHAT] Position: 83, -60, 47, Magnetic Moment: -930788.0, 0.0, 0.0
[00:00:36] [Thread-1/INFO] (Minecraft) [CHAT] Position: 83, -60, 43, Magnetic Moment: 930788.0, 0.0, 0.0
[00:00:36] [Thread-1/INFO] (Minecraft) [CHAT] Position: 83, -60, 43, Magnetic Moment: 930788.0, 0.0, 0.0
[00:00:36] [Thread-1/INFO] (Minecraft) [CHAT] 83, -60, 43 930788.0, 0.0, 0.0
[00:00:36] [Thread-1/INFO] (Minecraft) [CHAT] Thread Thread-1 exiting.
[00:00:40] [Server thread/INFO] (Minecraft) [CHAT] Creating Thread-1
[00:00:40] [Render thread/INFO] (Minecraft) [CHAT] Creating Thread-1
[00:00:40] [Server thread/INFO] (Minecraft) [STDOUT]: Creating Thread-1
[00:00:40] [Render thread/INFO] (Minecraft) [STDOUT]: Creating Thread-1
[00:00:40] [Server thread/INFO] (Minecraft) [STDOUT]: Starting Thread-1
[00:00:40] [Render thread/INFO] (Minecraft) [STDOUT]: Starting Thread-1
[00:00:40] [Thread-1/INFO] (Minecraft) [STDOUT]: Running Thread-1
[00:00:40] [Thread-1/INFO] (Minecraft) [STDOUT]: Running Thread-1
[00:00:40] [Thread-1/INFO] (Minecraft) [CHAT] Running Thread-1
[00:00:40] [Thread-1/INFO] (Minecraft) [CHAT] Running Thread-1
[00:00:40] [Thread-1/INFO] (Minecraft) [CHAT] Position: 83, -60, 47, Magnetic Moment: -930788.0, 0.0, 0.0
[00:00:40] [Thread-1/INFO] (Minecraft) [CHAT] Position: 83, -60, 47, Magnetic Moment: -930788.0, 0.0, 0.0
[00:00:40] [Thread-1/INFO] (Minecraft) [CHAT] Position: 83, -60, 43, Magnetic Moment: 930788.0, 0.0, 0.0
[00:00:40] [Thread-1/INFO] (Minecraft) [CHAT] Position: 83, -60, 43, Magnetic Moment: 930788.0, 0.0, 0.0
[00:00:40] [Thread-1/INFO] (Minecraft) [CHAT] Position: 78, -60, 43, Magnetic Moment: 0.0, 0.0, -930788.0
[00:00:40] [Thread-1/INFO] (Minecraft) [CHAT] 78, -60, 43 0.0, 0.0, -930788.0
[00:00:40] [Thread-1/INFO] (Minecraft) [CHAT] Thread Thread-1 exiting.
[00:00:40] [Thread-1/INFO] (Minecraft) [CHAT] Position: 83, -60, 47, Magnetic Moment: -930788.0, 0.0, 0.0
[00:00:40] [Thread-1/INFO] (Minecraft) [CHAT] Position: 83, -60, 47, Magnetic Moment: -930788.0, 0.0, 0.0
[00:00:40] [Thread-1/INFO] (Minecraft) [CHAT] Position: 83, -60, 43, Magnetic Moment: 930788.0, 0.0, 0.0
[00:00:40] [Thread-1/INFO] (Minecraft) [CHAT] Position: 83, -60, 43, Magnetic Moment: 930788.0, 0.0, 0.0
[00:00:40] [Thread-1/INFO] (Minecraft) [CHAT] Position: 78, -60, 43, Magnetic Moment: 0.0, 0.0, -930788.0
[00:00:40] [Thread-1/INFO] (Minecraft) [CHAT] Position: 78, -60, 43, Magnetic Moment: 0.0, 0.0, -930788.0
[00:00:40] [Thread-1/INFO] (Minecraft) [CHAT] 78, -60, 43 0.0, 0.0, -930788.0
[00:00:40] [Thread-1/INFO] (Minecraft) [CHAT] Thread Thread-1 exiting.
[00:00:43] [Server thread/INFO] (Minecraft) [CHAT] Creating Thread-1
[00:00:43] [Render thread/INFO] (Minecraft) [CHAT] Creating Thread-1
[00:00:43] [Server thread/INFO] (Minecraft) [STDOUT]: Creating Thread-1
[00:00:43] [Render thread/INFO] (Minecraft) [STDOUT]: Creating Thread-1
[00:00:43] [Server thread/INFO] (Minecraft) [STDOUT]: Starting Thread-1
[00:00:43] [Render thread/INFO] (Minecraft) [STDOUT]: Starting Thread-1
[00:00:43] [Thread-1/INFO] (Minecraft) [STDOUT]: Running Thread-1
[00:00:43] [Thread-1/INFO] (Minecraft) [STDOUT]: Running Thread-1
[00:00:43] [Thread-1/INFO] (Minecraft) [CHAT] Running Thread-1
[00:00:43] [Thread-1/INFO] (Minecraft) [CHAT] Running Thread-1
[00:00:43] [Thread-1/INFO] (Minecraft) [CHAT] Position: 83, -60, 47, Magnetic Moment: -930788.0, 0.0, 0.0
[00:00:43] [Thread-1/INFO] (Minecraft) [CHAT] Position: 83, -60, 47, Magnetic Moment: -930788.0, 0.0, 0.0
[00:00:43] [Thread-1/INFO] (Minecraft) [CHAT] Position: 83, -60, 43, Magnetic Moment: 930788.0, 0.0, 0.0
[00:00:43] [Thread-1/INFO] (Minecraft) [CHAT] Position: 83, -60, 43, Magnetic Moment: 930788.0, 0.0, 0.0
[00:00:43] [Thread-1/INFO] (Minecraft) [CHAT] Position: 78, -60, 43, Magnetic Moment: 0.0, 0.0, -930788.0
[00:00:43] [Thread-1/INFO] (Minecraft) [CHAT] Position: 78, -60, 43, Magnetic Moment: 0.0, 0.0, -930788.0
[00:00:43] [Thread-1/INFO] (Minecraft) [CHAT] Position: 76, -60, 39, Magnetic Moment: -930788.0, 0.0, 0.0
[00:00:43] [Thread-1/INFO] (Minecraft) [CHAT] 76, -60, 39 -930788.0, 0.0, 0.0
[00:00:43] [Thread-1/INFO] (Minecraft) [CHAT] Thread Thread-1 exiting.
[00:00:43] [Thread-1/INFO] (Minecraft) [CHAT] Position: 83, -60, 47, Magnetic Moment: -930788.0, 0.0, 0.0
[00:00:43] [Thread-1/INFO] (Minecraft) [CHAT] Position: 83, -60, 47, Magnetic Moment: -930788.0, 0.0, 0.0
[00:00:43] [Thread-1/INFO] (Minecraft) [CHAT] Position: 83, -60, 43, Magnetic Moment: 930788.0, 0.0, 0.0
[00:00:43] [Thread-1/INFO] (Minecraft) [CHAT] Position: 83, -60, 43, Magnetic Moment: 930788.0, 0.0, 0.0
[00:00:43] [Thread-1/INFO] (Minecraft) [CHAT] Position: 78, -60, 43, Magnetic Moment: 0.0, 0.0, -930788.0
[00:00:43] [Thread-1/INFO] (Minecraft) [CHAT] Position: 78, -60, 43, Magnetic Moment: 0.0, 0.0, -930788.0
[00:00:43] [Thread-1/INFO] (Minecraft) [CHAT] Position: 76, -60, 39, Magnetic Moment: -930788.0, 0.0, 0.0
[00:00:43] [Thread-1/INFO] (Minecraft) [CHAT] Position: 76, -60, 39, Magnetic Moment: -930788.0, 0.0, 0.0
[00:00:43] [Thread-1/INFO] (Minecraft) [CHAT] 76, -60, 39 -930788.0, 0.0, 0.0
[00:00:43] [Thread-1/INFO] (Minecraft) [CHAT] Thread Thread-1 exiting.
[00:00:44] [Render thread/INFO] (Minecraft) [CHAT] Creating Thread-1
[00:00:44] [Server thread/INFO] (Minecraft) [CHAT] Creating Thread-1
[00:00:44] [Render thread/INFO] (Minecraft) [STDOUT]: Creating Thread-1
[00:00:44] [Server thread/INFO] (Minecraft) [STDOUT]: Creating Thread-1
[00:00:44] [Render thread/INFO] (Minecraft) [STDOUT]: Starting Thread-1
[00:00:44] [Server thread/INFO] (Minecraft) [STDOUT]: Starting Thread-1
[00:00:44] [Thread-1/INFO] (Minecraft) [STDOUT]: Running Thread-1
[00:00:44] [Thread-1/INFO] (Minecraft) [STDOUT]: Running Thread-1
[00:00:44] [Thread-1/INFO] (Minecraft) [CHAT] Running Thread-1
[00:00:44] [Thread-1/INFO] (Minecraft) [CHAT] Running Thread-1
[00:00:44] [Thread-1/INFO] (Minecraft) [CHAT] Position: 83, -60, 47, Magnetic Moment: -930788.0, 0.0, 0.0
[00:00:44] [Thread-1/INFO] (Minecraft) [CHAT] Position: 83, -60, 47, Magnetic Moment: -930788.0, 0.0, 0.0
[00:00:44] [Thread-1/INFO] (Minecraft) [CHAT] Position: 83, -60, 43, Magnetic Moment: 930788.0, 0.0, 0.0
[00:00:44] [Thread-1/INFO] (Minecraft) [CHAT] Position: 83, -60, 43, Magnetic Moment: 930788.0, 0.0, 0.0
[00:00:44] [Thread-1/INFO] (Minecraft) [CHAT] Position: 78, -60, 43, Magnetic Moment: 0.0, 0.0, -930788.0
[00:00:44] [Thread-1/INFO] (Minecraft) [CHAT] Position: 78, -60, 43, Magnetic Moment: 0.0, 0.0, -930788.0
[00:00:44] [Thread-1/INFO] (Minecraft) [CHAT] Position: 76, -60, 39, Magnetic Moment: -930788.0, 0.0, 0.0
[00:00:44] [Thread-1/INFO] (Minecraft) [CHAT] Position: 76, -60, 39, Magnetic Moment: -930788.0, 0.0, 0.0
[00:00:44] [Thread-1/INFO] (Minecraft) [CHAT] Position: 76, -60, 36, Magnetic Moment: -930788.0, 0.0, 0.0
[00:00:44] [Thread-1/INFO] (Minecraft) [CHAT] 76, -60, 36 -930788.0, 0.0, 0.0
[00:00:44] [Thread-1/INFO] (Minecraft) [CHAT] Thread Thread-1 exiting.
[00:00:44] [Thread-1/INFO] (Minecraft) [CHAT] Position: 83, -60, 47, Magnetic Moment: -930788.0, 0.0, 0.0
[00:00:44] [Thread-1/INFO] (Minecraft) [CHAT] Position: 83, -60, 47, Magnetic Moment: -930788.0, 0.0, 0.0
[00:00:44] [Thread-1/INFO] (Minecraft) [CHAT] Position: 83, -60, 43, Magnetic Moment: 930788.0, 0.0, 0.0
[00:00:44] [Thread-1/INFO] (Minecraft) [CHAT] Position: 83, -60, 43, Magnetic Moment: 930788.0, 0.0, 0.0
[00:00:44] [Thread-1/INFO] (Minecraft) [CHAT] Position: 78, -60, 43, Magnetic Moment: 0.0, 0.0, -930788.0
[00:00:44] [Thread-1/INFO] (Minecraft) [CHAT] Position: 78, -60, 43, Magnetic Moment: 0.0, 0.0, -930788.0
[00:00:44] [Thread-1/INFO] (Minecraft) [CHAT] Position: 76, -60, 39, Magnetic Moment: -930788.0, 0.0, 0.0
[00:00:44] [Thread-1/INFO] (Minecraft) [CHAT] Position: 76, -60, 39, Magnetic Moment: -930788.0, 0.0, 0.0
[00:00:44] [Thread-1/INFO] (Minecraft) [CHAT] Position: 76, -60, 36, Magnetic Moment: -930788.0, 0.0, 0.0
[00:00:44] [Thread-1/INFO] (Minecraft) [CHAT] Position: 76, -60, 36, Magnetic Moment: -930788.0, 0.0, 0.0
[00:00:44] [Thread-1/INFO] (Minecraft) [CHAT] 76, -60, 36 -930788.0, 0.0, 0.0
[00:00:44] [Thread-1/INFO] (Minecraft) [CHAT] Thread Thread-1 exiting.
[00:00:47] [Server thread/INFO] (Minecraft) Saving and pausing game...
[00:00:47] [Server thread/INFO] (Minecraft) Saving chunks for level 'ServerLevel[Fabric Test]'/minecraft:overworld
[00:00:47] [Server thread/INFO] (Minecraft) Saving chunks for level 'ServerLevel[Fabric Test]'/minecraft:the_nether
[00:00:47] [Server thread/INFO] (Minecraft) Saving chunks for level 'ServerLevel[Fabric Test]'/minecraft:the_end
[00:01:25] [Server thread/INFO] (Minecraft) Saving and pausing game...
[00:01:25] [Server thread/INFO] (Minecraft) Saving chunks for level 'ServerLevel[Fabric Test]'/minecraft:overworld
[00:01:25] [Server thread/INFO] (Minecraft) Saving chunks for level 'ServerLevel[Fabric Test]'/minecraft:the_nether
[00:01:25] [Server thread/INFO] (Minecraft) Saving chunks for level 'ServerLevel[Fabric Test]'/minecraft:the_end
[00:02:13] [Server thread/INFO] (Minecraft) [STDOUT]: Creating Thread-2
[00:02:13] [Render thread/INFO] (Minecraft) [STDOUT]: Creating Thread-2
[00:02:13] [Server thread/INFO] (Minecraft) [STDOUT]: Starting Thread-2
[00:02:13] [Render thread/INFO] (Minecraft) [STDOUT]: Starting Thread-2
[00:02:13] [Thread-2/INFO] (Minecraft) [STDOUT]: Running Thread-2
[00:02:13] [Thread-2/INFO] (Minecraft) [STDOUT]: Running Thread-2
[00:02:13] [Thread-2/INFO] (Minecraft) [CHAT] Break Position: 76, -60, 36
[00:02:13] [Thread-2/INFO] (Minecraft) [CHAT] Break Position: 76, -60, 36
[00:02:13] [Thread-2/INFO] (Minecraft) [STDOUT]: Thread Thread-2 exiting.
[00:02:13] [Thread-2/INFO] (Minecraft) [STDOUT]: Thread Thread-2 exiting.
[00:02:14] [Server thread/INFO] (Minecraft) [CHAT] Creating Thread-1
[00:02:14] [Render thread/INFO] (Minecraft) [CHAT] Creating Thread-1
[00:02:14] [Server thread/INFO] (Minecraft) [STDOUT]: Creating Thread-1
[00:02:14] [Render thread/INFO] (Minecraft) [STDOUT]: Creating Thread-1
[00:02:14] [Server thread/INFO] (Minecraft) [STDOUT]: Starting Thread-1
[00:02:14] [Render thread/INFO] (Minecraft) [STDOUT]: Starting Thread-1
[00:02:14] [Thread-1/INFO] (Minecraft) [STDOUT]: Running Thread-1
[00:02:14] [Thread-1/INFO] (Minecraft) [STDOUT]: Running Thread-1
[00:02:14] [Thread-1/INFO] (Minecraft) [CHAT] Running Thread-1
[00:02:14] [Thread-1/INFO] (Minecraft) [CHAT] Running Thread-1
[00:02:14] [Thread-1/INFO] (Minecraft) [CHAT] Position: 83, -60, 47, Magnetic Moment: -930788.0, 0.0, 0.0
[00:02:14] [Thread-1/INFO] (Minecraft) [CHAT] Position: 83, -60, 47, Magnetic Moment: -930788.0, 0.0, 0.0
[00:02:14] [Thread-1/INFO] (Minecraft) [CHAT] Position: 83, -60, 43, Magnetic Moment: 930788.0, 0.0, 0.0
[00:02:14] [Thread-1/INFO] (Minecraft) [CHAT] Position: 83, -60, 43, Magnetic Moment: 930788.0, 0.0, 0.0
[00:02:14] [Thread-1/INFO] (Minecraft) [CHAT] Position: 78, -60, 43, Magnetic Moment: 0.0, 0.0, -930788.0
[00:02:14] [Thread-1/INFO] (Minecraft) [CHAT] Position: 78, -60, 43, Magnetic Moment: 0.0, 0.0, -930788.0
[00:02:14] [Thread-1/INFO] (Minecraft) [CHAT] Position: 76, -60, 39, Magnetic Moment: -930788.0, 0.0, 0.0
[00:02:14] [Thread-1/INFO] (Minecraft) [CHAT] Position: 76, -60, 39, Magnetic Moment: -930788.0, 0.0, 0.0
[00:02:14] [Thread-1/INFO] (Minecraft) [CHAT] Position: 76, -60, 37, Magnetic Moment: -930788.0, 0.0, 0.0
[00:02:14] [Thread-1/INFO] (Minecraft) [CHAT] 76, -60, 37 -930788.0, 0.0, 0.0
[00:02:14] [Thread-1/INFO] (Minecraft) [CHAT] Thread Thread-1 exiting.
[00:02:14] [Thread-1/INFO] (Minecraft) [CHAT] Position: 83, -60, 47, Magnetic Moment: -930788.0, 0.0, 0.0
[00:02:14] [Thread-1/INFO] (Minecraft) [CHAT] Position: 83, -60, 47, Magnetic Moment: -930788.0, 0.0, 0.0
[00:02:14] [Thread-1/INFO] (Minecraft) [CHAT] Position: 83, -60, 43, Magnetic Moment: 930788.0, 0.0, 0.0
[00:02:14] [Thread-1/INFO] (Minecraft) [CHAT] Position: 83, -60, 43, Magnetic Moment: 930788.0, 0.0, 0.0
[00:02:14] [Thread-1/INFO] (Minecraft) [CHAT] Position: 78, -60, 43, Magnetic Moment: 0.0, 0.0, -930788.0
[00:02:14] [Thread-1/INFO] (Minecraft) [CHAT] Position: 78, -60, 43, Magnetic Moment: 0.0, 0.0, -930788.0
[00:02:14] [Thread-1/INFO] (Minecraft) [CHAT] Position: 76, -60, 39, Magnetic Moment: -930788.0, 0.0, 0.0
[00:02:14] [Thread-1/INFO] (Minecraft) [CHAT] Position: 76, -60, 39, Magnetic Moment: -930788.0, 0.0, 0.0
[00:02:14] [Thread-1/INFO] (Minecraft) [CHAT] Position: 76, -60, 37, Magnetic Moment: -930788.0, 0.0, 0.0
[00:02:14] [Thread-1/INFO] (Minecraft) [CHAT] Position: 76, -60, 37, Magnetic Moment: -930788.0, 0.0, 0.0
[00:02:14] [Thread-1/INFO] (Minecraft) [CHAT] 76, -60, 37 -930788.0, 0.0, 0.0
[00:02:14] [Thread-1/INFO] (Minecraft) [CHAT] Thread Thread-1 exiting.
[00:02:19] [Server thread/INFO] (Minecraft) Saving and pausing game...
[00:02:19] [Server thread/INFO] (Minecraft) Saving chunks for level 'ServerLevel[Fabric Test]'/minecraft:overworld
[00:02:19] [Server thread/INFO] (Minecraft) Saving chunks for level 'ServerLevel[Fabric Test]'/minecraft:the_nether
[00:02:19] [Server thread/INFO] (Minecraft) Saving chunks for level 'ServerLevel[Fabric Test]'/minecraft:the_end
[00:02:28] [Server thread/INFO] (Minecraft) Saving and pausing game...
[00:02:28] [Server thread/INFO] (Minecraft) Saving chunks for level 'ServerLevel[Fabric Test]'/minecraft:overworld
[00:02:28] [Server thread/INFO] (Minecraft) Saving chunks for level 'ServerLevel[Fabric Test]'/minecraft:the_nether
[00:02:28] [Server thread/INFO] (Minecraft) Saving chunks for level 'ServerLevel[Fabric Test]'/minecraft:the_end
[00:03:07] [Server thread/INFO] (Minecraft) Saving and pausing game...
[00:03:07] [Server thread/INFO] (Minecraft) Saving chunks for level 'ServerLevel[Fabric Test]'/minecraft:overworld
[00:03:07] [Server thread/INFO] (Minecraft) Saving chunks for level 'ServerLevel[Fabric Test]'/minecraft:the_nether
[00:03:07] [Server thread/INFO] (Minecraft) Saving chunks for level 'ServerLevel[Fabric Test]'/minecraft:the_end
[00:04:02] [Server thread/INFO] (Minecraft) Saving and pausing game...
[00:04:02] [Server thread/INFO] (Minecraft) Saving chunks for level 'ServerLevel[Fabric Test]'/minecraft:overworld
[00:04:02] [Server thread/INFO] (Minecraft) Saving chunks for level 'ServerLevel[Fabric Test]'/minecraft:the_nether
[00:04:02] [Server thread/INFO] (Minecraft) Saving chunks for level 'ServerLevel[Fabric Test]'/minecraft:the_end
[00:04:08] [Server thread/INFO] (Minecraft) Saving and pausing game...
[00:04:08] [Server thread/INFO] (Minecraft) Saving chunks for level 'ServerLevel[Fabric Test]'/minecraft:overworld
[00:04:08] [Server thread/INFO] (Minecraft) Saving chunks for level 'ServerLevel[Fabric Test]'/minecraft:the_nether
[00:04:08] [Server thread/INFO] (Minecraft) Saving chunks for level 'ServerLevel[Fabric Test]'/minecraft:the_end
[00:04:15] [Server thread/INFO] (Minecraft) Saving and pausing game...
[00:04:15] [Server thread/INFO] (Minecraft) Saving chunks for level 'ServerLevel[Fabric Test]'/minecraft:overworld
[00:04:15] [Server thread/INFO] (Minecraft) Saving chunks for level 'ServerLevel[Fabric Test]'/minecraft:the_nether
[00:04:15] [Server thread/INFO] (Minecraft) Saving chunks for level 'ServerLevel[Fabric Test]'/minecraft:the_end
[00:06:06] [Server thread/INFO] (Minecraft) Saving and pausing game...
[00:06:06] [Server thread/INFO] (Minecraft) Saving chunks for level 'ServerLevel[Fabric Test]'/minecraft:overworld
[00:06:06] [Server thread/INFO] (Minecraft) Saving chunks for level 'ServerLevel[Fabric Test]'/minecraft:the_nether
[00:06:06] [Server thread/INFO] (Minecraft) Saving chunks for level 'ServerLevel[Fabric Test]'/minecraft:the_end
[00:06:27] [Server thread/INFO] (Minecraft) Saving and pausing game...
[00:06:27] [Server thread/INFO] (Minecraft) Saving chunks for level 'ServerLevel[Fabric Test]'/minecraft:overworld
[00:06:27] [Server thread/INFO] (Minecraft) Saving chunks for level 'ServerLevel[Fabric Test]'/minecraft:the_nether
[00:06:27] [Server thread/INFO] (Minecraft) Saving chunks for level 'ServerLevel[Fabric Test]'/minecraft:the_end
[00:06:39] [Render thread/INFO] (Minecraft) Stopping!
[00:06:39] [Server thread/INFO] (Minecraft) Player575 lost connection: Disconnected
[00:06:39] [Server thread/INFO] (Minecraft) Player575 left the game
[00:06:39] [Server thread/INFO] (Minecraft) Stopping singleplayer server as player logged out
[00:06:39] [Server thread/INFO] (Minecraft) Stopping server
[00:06:39] [Server thread/INFO] (Minecraft) Saving players
[00:06:39] [Server thread/INFO] (Minecraft) Saving worlds
[00:06:40] [Server thread/INFO] (Minecraft) Saving chunks for level 'ServerLevel[Fabric Test]'/minecraft:overworld
[00:06:40] [Server thread/INFO] (Minecraft) Saving chunks for level 'ServerLevel[Fabric Test]'/minecraft:the_nether
[00:06:40] [Server thread/INFO] (Minecraft) Saving chunks for level 'ServerLevel[Fabric Test]'/minecraft:the_end
[00:06:40] [Server thread/INFO] (Minecraft) ThreadedAnvilChunkStorage (Fabric Test): All chunks are saved
[00:06:40] [Server thread/INFO] (Minecraft) ThreadedAnvilChunkStorage (DIM-1): All chunks are saved
[00:06:40] [Server thread/INFO] (Minecraft) ThreadedAnvilChunkStorage (DIM1): All chunks are saved
[00:06:40] [Server thread/INFO] (Minecraft) ThreadedAnvilChunkStorage: All dimensions are saved
